2016-06-04 19:47:24 org.springframework.context.annotation.ClassPathScanningCandidateComponentProvider.findCandidateComponents(ClassPathScanningCandidateComponentProvider.java:286)-[DEBUG] Identified candidate component class: file [E:\git\spring-excavate\target\classes\com\yumeng\spring\transaction\AccountInfoDao.class] -(:286)
2016-06-04 19:47:24 org.springframework.context.annotation.ClassPathScanningCandidateComponentProvider.findCandidateComponents(ClassPathScanningCandidateComponentProvider.java:286)-[DEBUG] Identified candidate component class: file [E:\git\spring-excavate\target\classes\com\yumeng\spring\transaction\UserInfoDao.class] -(:286)
2016-06-04 19:47:24 org.mybatis.spring.mapper.ClassPathMapperScanner.doScan(ClassPathMapperScanner.java:164)-[DEBUG] Creating MapperFactoryBean with name 'accountInfoDao' and 'com.yumeng.spring.transaction.AccountInfoDao' mapperInterface -(:164)
2016-06-04 19:47:24 org.mybatis.spring.mapper.ClassPathMapperScanner.doScan(ClassPathMapperScanner.java:164)-[DEBUG] Creating MapperFactoryBean with name 'userInfoDao' and 'com.yumeng.spring.transaction.UserInfoDao' mapperInterface -(:164)
2016-06-04 19:47:24 org.apache.ibatis.logging.LogFactory.setImplementation(LogFactory.java:128)-[DEBUG] Logging initialized using 'class org.apache.ibatis.logging.slf4j.Slf4jImpl' adapter. -(:128)
2016-06-04 19:47:24 com.alibaba.druid.pool.DruidDataSource.init(DruidDataSource.java:638)-[INFO] {dataSource-1} inited -(:638)
2016-06-04 19:47:25 org.mybatis.spring.SqlSessionFactoryBean.buildSqlSessionFactory(SqlSessionFactoryBean.java:431)-[DEBUG] Parsed configuration file: 'class path resource [mybatis-config.xml]' -(:431)
2016-06-04 19:47:25 org.mybatis.spring.SqlSessionFactoryBean.buildSqlSessionFactory(SqlSessionFactoryBean.java:472)-[DEBUG] Parsed mapper file: 'file [E:\git\spring-excavate\target\classes\mappings\AccountInfo.xml]' -(:472)
2016-06-04 19:47:25 org.mybatis.spring.SqlSessionFactoryBean.buildSqlSessionFactory(SqlSessionFactoryBean.java:472)-[DEBUG] Parsed mapper file: 'file [E:\git\spring-excavate\target\classes\mappings\UserInfo.xml]' -(:472)
2016-06-04 19:47:25 org.mybatis.spring.SqlSessionUtils.getSqlSession(SqlSessionUtils.java:104)-[DEBUG] Creating a new SqlSession -(:104)
2016-06-04 19:47:25 org.mybatis.spring.SqlSessionUtils.getSqlSession(SqlSessionUtils.java:120)-[DEBUG] Registering transaction synchronization for SqlSession [org.apache.ibatis.session.defaults.DefaultSqlSession@5dd1c9f2] -(:120)
2016-06-04 19:47:25 org.mybatis.spring.transaction.SpringManagedTransaction.openConnection(SpringManagedTransaction.java:86)-[DEBUG] JDBC Connection [com.alibaba.druid.proxy.jdbc.ConnectionProxyImpl@e8df99a] will be managed by Spring -(:86)
2016-06-04 19:47:25 com.alibaba.druid.pool.PreparedStatementPool.put(PreparedStatementPool.java:123)-[DEBUG] {conn-10005, pstmt-20000} enter cache -(:123)
2016-06-04 19:47:25 org.mybatis.spring.SqlSessionUtils.closeSqlSession(SqlSessionUtils.java:163)-[DEBUG] Releasing transactional SqlSession [org.apache.ibatis.session.defaults.DefaultSqlSession@5dd1c9f2] -(:163)
2016-06-04 19:47:25 org.mybatis.spring.SqlSessionUtils$SqlSessionSynchronization.suspend(SqlSessionUtils.java:228)-[DEBUG] Transaction synchronization suspending SqlSession [org.apache.ibatis.session.defaults.DefaultSqlSession@5dd1c9f2] -(:228)
2016-06-04 19:47:26 org.mybatis.spring.SqlSessionUtils.getSqlSession(SqlSessionUtils.java:104)-[DEBUG] Creating a new SqlSession -(:104)
2016-06-04 19:47:26 org.mybatis.spring.SqlSessionUtils.getSqlSession(SqlSessionUtils.java:120)-[DEBUG] Registering transaction synchronization for SqlSession [org.apache.ibatis.session.defaults.DefaultSqlSession@115667d] -(:120)
2016-06-04 19:47:26 org.mybatis.spring.transaction.SpringManagedTransaction.openConnection(SpringManagedTransaction.java:86)-[DEBUG] JDBC Connection [com.alibaba.druid.proxy.jdbc.ConnectionProxyImpl@4ce7fffa] will be managed by Spring -(:86)
2016-06-04 19:47:26 com.alibaba.druid.pool.PreparedStatementPool.put(PreparedStatementPool.java:123)-[DEBUG] {conn-10004, pstmt-20001} enter cache -(:123)
2016-06-04 19:47:26 org.mybatis.spring.SqlSessionUtils.closeSqlSession(SqlSessionUtils.java:163)-[DEBUG] Releasing transactional SqlSession [org.apache.ibatis.session.defaults.DefaultSqlSession@115667d] -(:163)
2016-06-04 19:47:26 org.mybatis.spring.SqlSessionUtils$SqlSessionSynchronization.beforeCompletion(SqlSessionUtils.java:287)-[DEBUG] Transaction synchronization deregistering SqlSession [org.apache.ibatis.session.defaults.DefaultSqlSession@115667d] -(:287)
2016-06-04 19:47:26 org.mybatis.spring.SqlSessionUtils$SqlSessionSynchronization.beforeCompletion(SqlSessionUtils.java:292)-[DEBUG] Transaction synchronization closing SqlSession [org.apache.ibatis.session.defaults.DefaultSqlSession@115667d] -(:292)
2016-06-04 19:47:26 org.mybatis.spring.SqlSessionUtils$SqlSessionSynchronization.resume(SqlSessionUtils.java:241)-[DEBUG] Transaction synchronization resuming SqlSession [org.apache.ibatis.session.defaults.DefaultSqlSession@5dd1c9f2] -(:241)
2016-06-04 19:47:26 org.mybatis.spring.SqlSessionUtils$SqlSessionSynchronization.beforeCommit(SqlSessionUtils.java:261)-[DEBUG] Transaction synchronization committing SqlSession [org.apache.ibatis.session.defaults.DefaultSqlSession@5dd1c9f2] -(:261)
2016-06-04 19:47:26 org.mybatis.spring.SqlSessionUtils$SqlSessionSynchronization.beforeCompletion(SqlSessionUtils.java:287)-[DEBUG] Transaction synchronization deregistering SqlSession [org.apache.ibatis.session.defaults.DefaultSqlSession@5dd1c9f2] -(:287)
2016-06-04 19:47:26 org.mybatis.spring.SqlSessionUtils$SqlSessionSynchronization.beforeCompletion(SqlSessionUtils.java:292)-[DEBUG] Transaction synchronization closing SqlSession [org.apache.ibatis.session.defaults.DefaultSqlSession@5dd1c9f2] -(:292)
